============================= test session starts ==============================
platform darwin -- Python 3.9.6, pytest-8.4.2, pluggy-1.6.0
Using --randomly-seed=862690021
rootdir: /Users/haramizuki/Project/transparency_sim
configfile: pytest.ini
testpaths: tests
plugins: anyio-4.0.0, randomly-4.0.1
collected 51 items

tests/test_blind_id.py ........                                          [ 15%]
tests/test_environment.py ...........                                    [ 37%]
tests/test_scoring.py .......                                            [ 50%]
tests/test_theory.py .......                                             [ 64%]
tests/test_a0.py .........                                               [ 82%]
tests/test_generator.py .........                                        [100%]

============================== 51 passed in 0.13s ==============================
